Using pre-set license
Built from '2020.2/release' branch; Version is '2020.2.1f1 (270dd8c3da1c) revision 2559448'; Using compiler version '192528614'; Build Type 'Release'
OS: 'Windows 10  (10.0.0) 64bit' Language: 'zh' Physical Memory: 16290 MB
BatchMode: 1, IsHumanControllingUs: 0, StartBugReporterOnCrash: 0, Is64bit: 1, IsPro: 0

 COMMAND LINE ARGUMENTS:
D:\Unity\2020.2.1f1\Editor\Unity.exe
-adb2
-batchMode
-noUpm
-name
AssetImportWorker2
-projectPath
C:/Users/XinpengLiu/Desktop/VR-Capstone-Xinpeng-Liu
-logFile
Logs/AssetImportWorker2.log
-srvPort
58393
Successfully changed project path to: C:/Users/XinpengLiu/Desktop/VR-Capstone-Xinpeng-Liu
C:/Users/XinpengLiu/Desktop/VR-Capstone-Xinpeng-Liu
Using Asset Import Pipeline V2.
Refreshing native plugins compatible for Editor in 273.24 ms, found 6 plugins.
Preloading 1 native plugins for Editor in 0.84 ms.
Initialize engine version: 2020.2.1f1 (270dd8c3da1c)
[Subsystems] Discovering subsystems at path D:/Unity/2020.2.1f1/Editor/Data/Resources/UnitySubsystems
[Subsystems] Discovering subsystems at path C:/Users/XinpengLiu/Desktop/VR-Capstone-Xinpeng-Liu/Assets
GfxDevice: creating device client; threaded=0
Direct3D:
    Version:  Direct3D 11.0 [level 11.1]
    Renderer: NVIDIA GeForce RTX 2060 (ID=0x1f15)
    Vendor:   
    VRAM:     5980 MB
    Driver:   27.21.14.5256
Shader 'Oculus/OVRMRCameraFrameLit': fallback shader 'Alpha-Diffuse' not found
Initialize mono
Mono path[0] = 'D:/Unity/2020.2.1f1/Editor/Data/Managed'
Mono path[1] = 'D:/Unity/2020.2.1f1/Editor/Data/MonoBleedingEdge/lib/mono/unityjit'
Mono config path = 'D:/Unity/2020.2.1f1/Editor/Data/MonoBleedingEdge/etc'
Using monoOptions --debugger-agent=transport=dt_socket,embedding=1,server=y,suspend=n,address=127.0.0.1:56404
Begin MonoManager ReloadAssembly
Registering precompiled unity dll's ...
Register platform support module: D:/Unity/2020.2.1f1/Editor/Data/PlaybackEngines/WindowsStandaloneSupport/UnityEditor.WindowsStandalone.Extensions.dll
Registered in 0.004015 seconds.
Native extension for WindowsStandalone target not found
Refreshing native plugins compatible for Editor in 54.46 ms, found 6 plugins.
Preloading 1 native plugins for Editor in 0.11 ms.
Invoked RoslynAnalysisRunner static constructor.
RoslynAnalysisRunner will not be running.
RoslynAnalysisRunner has terminated.
Mono: successfully reloaded assembly
- Completed reload, in  3.227 seconds
Platform modules already initialized, skipping
Registering precompiled user dll's ...
Registered in 0.316518 seconds.
Begin MonoManager ReloadAssembly
Native extension for WindowsStandalone target not found
Refreshing native plugins compatible for Editor in 1.16 ms, found 6 plugins.
Preloading 1 native plugins for Editor in 0.19 ms.
Invoked RoslynAnalysisRunner static constructor.
RoslynAnalysisRunner will not be running.
RoslynAnalysisRunner has terminated.
[XR] OculusXRPlugin: registering subsystems
[XR] Unable to register display lifecyle provider: [1]
[XR] Oculus Input lifecycle provider registered.
[XR] Unable to register input lifecyle provider: [1]
[XR] OVRP version 1.55.1
Mono: successfully reloaded assembly
- Completed reload, in  6.100 seconds
Platform modules already initialized, skipping
========================================================================
Worker process is ready to serve import requests
Shader 'Oculus/OVRMRCameraFrameLit': fallback shader 'Alpha-Diffuse' not found
Launched and connected shader compiler UnityShaderCompiler.exe after 0.04 seconds
Refreshing native plugins compatible for Editor in 0.65 ms, found 6 plugins.
Preloading 1 native plugins for Editor in 0.11 ms.
Unloading 1745 Unused Serialized files (Serialized files now loaded: 0)
System memory in use before: 87.7 MB.
System memory in use after: 87.8 MB.

Unloading 51 unused Assets to reduce memory usage. Loaded Objects now: 2196.
Total: 3.002300 ms (FindLiveObjects: 0.367400 ms CreateObjectMapping: 0.189900 ms MarkObjects: 2.326000 ms  DeleteObjects: 0.116700 ms)

========================================================================
Received Import Request.
  path: Assets/Oculus/VR/Prefabs/OVRHandPrefab.prefab
  artifactKey: Guid(835e735ca71bf78459fb2cababd74112) Importer(815301076,1909f56bfc062723c751e8b465ee728b)
Start importing Assets/Oculus/VR/Prefabs/OVRHandPrefab.prefab using Guid(835e735ca71bf78459fb2cababd74112) Importer(815301076,1909f56bfc062723c751e8b465ee728b)  -> (artifact id: '9bd36a6518b4550abeebfa2ca49b4459') in 0.117887 seconds
  Import took 0.121712 seconds .

========================================================================
Received Import Request.
  Time since last request: 0.000182 seconds.
  path: Assets/Oculus/VR/Prefabs/OVRControllerPrefab.prefab
  artifactKey: Guid(d9809c5e8418bb047bf2c8ba1d1a2cec) Importer(815301076,1909f56bfc062723c751e8b465ee728b)
Start importing Assets/Oculus/VR/Prefabs/OVRControllerPrefab.prefab using Guid(d9809c5e8418bb047bf2c8ba1d1a2cec) Importer(815301076,1909f56bfc062723c751e8b465ee728b)  -> (artifact id: 'c23bffe7770d54ec21ab5435a2ed6a63') in 9.090033 seconds
  Import took 9.094870 seconds .

========================================================================
Received Import Request.
  Time since last request: 55.787715 seconds.
  path: Assets/Prefab/Cube.prefab
  artifactKey: Guid(34f68f68fafe37e498ca13cb2fd3e8e7) Importer(815301076,1909f56bfc062723c751e8b465ee728b)
Start importing Assets/Prefab/Cube.prefab using Guid(34f68f68fafe37e498ca13cb2fd3e8e7) Importer(815301076,1909f56bfc062723c751e8b465ee728b)  -> (artifact id: '73c3003e4231fce619b9ca2086fec7ec') in 1.822190 seconds
  Import took 1.838376 seconds .

========================================================================
Received Import Request.
  Time since last request: 0.000261 seconds.
  path: Assets/Prefab/right stream.prefab
  artifactKey: Guid(de64c695e9ba1c241bb9452f68d8d78b) Importer(815301076,1909f56bfc062723c751e8b465ee728b)
Start importing Assets/Prefab/right stream.prefab using Guid(de64c695e9ba1c241bb9452f68d8d78b) Importer(815301076,1909f56bfc062723c751e8b465ee728b)  -> (artifact id: '8f1a88bb994fc1e37a0c9e7933419bc2') in 1.266568 seconds
  Import took 1.271292 seconds .

========================================================================
Received Import Request.
  Time since last request: 0.000262 seconds.
  path: Assets/Prefab/Plane.prefab
  artifactKey: Guid(f56012835cb88754e903802331efb394) Importer(815301076,1909f56bfc062723c751e8b465ee728b)
Start importing Assets/Prefab/Plane.prefab using Guid(f56012835cb88754e903802331efb394) Importer(815301076,1909f56bfc062723c751e8b465ee728b)  -> (artifact id: 'be75e9f5b5c50cdc5d5d44877f20eb81') in 0.423286 seconds
  Import took 0.426982 seconds .

========================================================================
Received Import Request.
  Time since last request: 333.621230 seconds.
  path: Assets/Prefab/sky stream left.prefab
  artifactKey: Guid(9549a9e450da729499bdd3e256df8239) Importer(815301076,1909f56bfc062723c751e8b465ee728b)
Start importing Assets/Prefab/sky stream left.prefab using Guid(9549a9e450da729499bdd3e256df8239) Importer(815301076,1909f56bfc062723c751e8b465ee728b)  -> (artifact id: '5b761b8ea5f9023e702af7888ffa7a79') in 0.011260 seconds
  Import took 0.014190 seconds .

========================================================================
Received Import Request.
  Time since last request: 44.431409 seconds.
  path: Assets/Prefab/sky stream right.prefab
  artifactKey: Guid(71be9121d71d43f4a8e2c04d022a18a4) Importer(815301076,1909f56bfc062723c751e8b465ee728b)
Start importing Assets/Prefab/sky stream right.prefab using Guid(71be9121d71d43f4a8e2c04d022a18a4) Importer(815301076,1909f56bfc062723c751e8b465ee728b)  -> (artifact id: 'd062fd2a23b12d3a1ff027ed91240444') in 0.018994 seconds
  Import took 0.021503 seconds .

========================================================================
Received Prepare
Registering precompiled user dll's ...
Registered in 0.012287 seconds.
Begin MonoManager ReloadAssembly
Native extension for WindowsStandalone target not found
Refreshing native plugins compatible for Editor in 1.11 ms, found 6 plugins.
Preloading 1 native plugins for Editor in 0.14 ms.
Invoked RoslynAnalysisRunner static constructor.
RoslynAnalysisRunner will not be running.
RoslynAnalysisRunner has terminated.
Mono: successfully reloaded assembly
- Completed reload, in  0.816 seconds
Platform modules already initialized, skipping
Shader 'Oculus/OVRMRCameraFrameLit': fallback shader 'Alpha-Diffuse' not found
Refreshing native plugins compatible for Editor in 0.67 ms, found 6 plugins.
Preloading 1 native plugins for Editor in 0.10 ms.
Unloading 1685 Unused Serialized files (Serialized files now loaded: 0)
System memory in use before: 109.5 MB.
System memory in use after: 109.6 MB.

Unloading 47 unused Assets to reduce memory usage. Loaded Objects now: 2210.
Total: 1.572700 ms (FindLiveObjects: 0.205700 ms CreateObjectMapping: 0.080500 ms MarkObjects: 1.258500 ms  DeleteObjects: 0.026700 ms)

========================================================================
Received Import Request.
  Time since last request: 221.641451 seconds.
  path: Assets/render/skybox.mat
  artifactKey: Guid(f3becbbf5c725c84db7a92d683472800) Importer(815301076,1909f56bfc062723c751e8b465ee728b)
Start importing Assets/render/skybox.mat using Guid(f3becbbf5c725c84db7a92d683472800) Importer(815301076,1909f56bfc062723c751e8b465ee728b)  -> (artifact id: 'd04cd699f5f32ca0b4d3203925c01544') in 0.288882 seconds
  Import took 0.291844 seconds .

========================================================================
Received Import Request.
  Time since last request: 777.562426 seconds.
  path: Assets/New Terrain.asset
  artifactKey: Guid(b91e44ce23e9dad49970bc17068b4016) Importer(815301076,1909f56bfc062723c751e8b465ee728b)
Start importing Assets/New Terrain.asset using Guid(b91e44ce23e9dad49970bc17068b4016) Importer(815301076,1909f56bfc062723c751e8b465ee728b)  -> (artifact id: 'c731243826fedcdb531a3234eb4c2ee7') in 0.014070 seconds
  Import took 0.018336 seconds .

========================================================================
Received Import Request.
  Time since last request: 112.238665 seconds.
  path: Assets/render/New Material.mat
  artifactKey: Guid(7db750d0d10a7814bbfff6447f237296) Importer(815301076,1909f56bfc062723c751e8b465ee728b)
Start importing Assets/render/New Material.mat using Guid(7db750d0d10a7814bbfff6447f237296) Importer(815301076,1909f56bfc062723c751e8b465ee728b)  -> (artifact id: '191fbc37ba1cf0cd1cc950d14e08526d') in 0.013518 seconds
  Import took 0.016580 seconds .

========================================================================
Received Import Request.
  Time since last request: 63.080223 seconds.
  path: Assets/render/skybox.mat
  artifactKey: Guid(f3becbbf5c725c84db7a92d683472800) Importer(815301076,1909f56bfc062723c751e8b465ee728b)
Start importing Assets/render/skybox.mat using Guid(f3becbbf5c725c84db7a92d683472800) Importer(815301076,1909f56bfc062723c751e8b465ee728b)  -> (artifact id: '343586923b8892544b2dd34e2c826aa1') in 0.204562 seconds
  Import took 0.207257 seconds .

========================================================================
Received Import Request.
  Time since last request: 20.412626 seconds.
  path: Assets/Prefab/strike area.prefab
  artifactKey: Guid(6531dc5b55f791340a14d6e5af649f77) Importer(815301076,1909f56bfc062723c751e8b465ee728b)
Start importing Assets/Prefab/strike area.prefab using Guid(6531dc5b55f791340a14d6e5af649f77) Importer(815301076,1909f56bfc062723c751e8b465ee728b)  -> (artifact id: 'bb41a27f185208f4f5124f0e5b587c10') in 0.220744 seconds
  Import took 0.223209 seconds .

AssetImportWorkerClient::OnTransportError - code=2 error=End of file
