Using pre-set license
Built from '2020.2/china_unity/release' branch; Version is '2020.2.1f1c1 (252d8215dd99) revision 2436482'; Using compiler version '192528614'; Build Type 'Release'
OS: 'Windows 10  (10.0.0) 64bit' Language: 'zh' Physical Memory: 12138 MB
BatchMode: 1, IsHumanControllingUs: 0, StartBugReporterOnCrash: 0, Is64bit: 1, IsPro: 0

 COMMAND LINE ARGUMENTS:
E:\新建文件夹\2020.2.1f1c1\Editor\Unity.exe
-adb2
-batchMode
-noUpm
-name
AssetImportWorker0
-projectPath
F:/UNITY/new/2020.2
-logFile
Logs/AssetImportWorker0.log
-srvPort
52005
Successfully changed project path to: F:/UNITY/new/2020.2
F:/UNITY/new/2020.2
Using Asset Import Pipeline V2.
Refreshing native plugins compatible for Editor in 144.07 ms, found 6 plugins.
Preloading 1 native plugins for Editor in 1.11 ms.
Initialize engine version: 2020.2.1f1c1 (252d8215dd99)
[Subsystems] Discovering subsystems at path E:/新建文件夹/2020.2.1f1c1/Editor/Data/Resources/UnitySubsystems
[Subsystems] Discovering subsystems at path F:/UNITY/new/2020.2/Assets
GfxDevice: creating device client; threaded=0
Direct3D:
    Version:  Direct3D 11.0 [level 11.0]
    Renderer: NVIDIA GeForce GTX 960M (ID=0x139b)
    Vendor:   
    VRAM:     2019 MB
    Driver:   23.21.13.8875
Shader 'Oculus/OVRMRCameraFrameLit': fallback shader 'Alpha-Diffuse' not found
Initialize mono
Mono path[0] = 'E:/新建文件夹/2020.2.1f1c1/Editor/Data/Managed'
Mono path[1] = 'E:/新建文件夹/2020.2.1f1c1/Editor/Data/MonoBleedingEdge/lib/mono/unityjit'
Mono config path = 'E:/新建文件夹/2020.2.1f1c1/Editor/Data/MonoBleedingEdge/etc'
Using monoOptions --debugger-agent=transport=dt_socket,embedding=1,server=y,suspend=n,address=127.0.0.1:56676
Begin MonoManager ReloadAssembly
Registering precompiled unity dll's ...
Register platform support module: E:/新建文件夹/2020.2.1f1c1/Editor/Data/PlaybackEngines/WindowsStandaloneSupport/UnityEditor.WindowsStandalone.Extensions.dll
Registered in 0.001875 seconds.
Native extension for WindowsStandalone target not found
Refreshing native plugins compatible for Editor in 87.83 ms, found 6 plugins.
Preloading 1 native plugins for Editor in 0.09 ms.
Invoked RoslynAnalysisRunner static constructor.
RoslynAnalysisRunner will not be running.
RoslynAnalysisRunner has terminated.
Mono: successfully reloaded assembly
- Completed reload, in  5.077 seconds
Platform modules already initialized, skipping
Registering precompiled user dll's ...
Registered in 0.008870 seconds.
Begin MonoManager ReloadAssembly
Native extension for WindowsStandalone target not found
Refreshing native plugins compatible for Editor in 1.35 ms, found 6 plugins.
Preloading 1 native plugins for Editor in 0.09 ms.
Invoked RoslynAnalysisRunner static constructor.
RoslynAnalysisRunner will not be running.
RoslynAnalysisRunner has terminated.
[XR] OculusXRPlugin: registering subsystems
[XR] Unable to register display lifecyle provider: [1]
[XR] Oculus Input lifecycle provider registered.
[XR] Unable to register input lifecyle provider: [1]
[XR] OVRP version 1.55.1
Mono: successfully reloaded assembly
- Completed reload, in  2.645 seconds
Platform modules already initialized, skipping
========================================================================
Worker process is ready to serve import requests
Shader 'Oculus/OVRMRCameraFrameLit': fallback shader 'Alpha-Diffuse' not found
Launched and connected shader compiler UnityShaderCompiler.exe after 0.11 seconds
Refreshing native plugins compatible for Editor in 1.05 ms, found 6 plugins.
Preloading 1 native plugins for Editor in 0.06 ms.
Unloading 1741 Unused Serialized files (Serialized files now loaded: 0)
System memory in use before: 86.8 MB.
System memory in use after: 86.9 MB.

Unloading 51 unused Assets to reduce memory usage. Loaded Objects now: 2192.
Total: 3.004600 ms (FindLiveObjects: 0.318500 ms CreateObjectMapping: 0.106400 ms MarkObjects: 2.445000 ms  DeleteObjects: 0.132300 ms)

========================================================================
Received Import Request.
  path: Assets/render/New Material.mat
  artifactKey: Guid(7db750d0d10a7814bbfff6447f237296) Importer(815301076,1909f56bfc062723c751e8b465ee728b)
Start importing Assets/render/New Material.mat using Guid(7db750d0d10a7814bbfff6447f237296) Importer(815301076,1909f56bfc062723c751e8b465ee728b)  -> (artifact id: '58195bc172436878ac55d629a929044e') in 0.393056 seconds
  Import took 0.414312 seconds .

========================================================================
Received Prepare
Registering precompiled user dll's ...
Registered in 0.013051 seconds.
Begin MonoManager ReloadAssembly
Native extension for WindowsStandalone target not found
Refreshing native plugins compatible for Editor in 1.58 ms, found 6 plugins.
Preloading 1 native plugins for Editor in 0.30 ms.
Invoked RoslynAnalysisRunner static constructor.
RoslynAnalysisRunner will not be running.
RoslynAnalysisRunner has terminated.
Mono: successfully reloaded assembly
- Completed reload, in  2.796 seconds
Platform modules already initialized, skipping
Shader 'Oculus/OVRMRCameraFrameLit': fallback shader 'Alpha-Diffuse' not found
Refreshing native plugins compatible for Editor in 2.35 ms, found 6 plugins.
Preloading 1 native plugins for Editor in 0.09 ms.
Unloading 1682 Unused Serialized files (Serialized files now loaded: 0)
System memory in use before: 98.1 MB.
System memory in use after: 98.2 MB.

Unloading 46 unused Assets to reduce memory usage. Loaded Objects now: 2236.
Total: 12.411100 ms (FindLiveObjects: 1.990700 ms CreateObjectMapping: 0.262500 ms MarkObjects: 10.081100 ms  DeleteObjects: 0.073800 ms)

========================================================================
Received Import Request.
  Time since last request: 2169.251458 seconds.
  path: Assets/WayPointws.cs
  artifactKey: Guid(458ab47c1c949844584a9499fc058384) Importer(815301076,1909f56bfc062723c751e8b465ee728b)
Start importing Assets/WayPointws.cs using Guid(458ab47c1c949844584a9499fc058384) Importer(815301076,1909f56bfc062723c751e8b465ee728b)  -> (artifact id: 'd5591c3b272adadc31025f97f6df3b10') in 0.035515 seconds
  Import took 0.061745 seconds .

========================================================================
Received Import Request.
  Time since last request: 25.599560 seconds.
  path: Assets/WayPointws.cs
  artifactKey: Guid(458ab47c1c949844584a9499fc058384) Importer(815301076,1909f56bfc062723c751e8b465ee728b)
Start importing Assets/WayPointws.cs using Guid(458ab47c1c949844584a9499fc058384) Importer(815301076,1909f56bfc062723c751e8b465ee728b)  -> (artifact id: '9c5097d52562f57cfb6925815ae04ebb') in 0.024649 seconds
  Import took 0.265618 seconds .

========================================================================
Received Import Request.
  Time since last request: 653.962526 seconds.
  path: Assets/Oculus/Spatializer/scenes/sounds/360 Workstation Ambisonic Panning AmbiX.wav
  artifactKey: Guid(1340d7fb0cd1bfb4caa3b3270cb2ea5f) Importer(815301076,1909f56bfc062723c751e8b465ee728b)
Start importing Assets/Oculus/Spatializer/scenes/sounds/360 Workstation Ambisonic Panning AmbiX.wav using Guid(1340d7fb0cd1bfb4caa3b3270cb2ea5f) Importer(815301076,1909f56bfc062723c751e8b465ee728b)  -> (artifact id: 'ed8050d3ff653013176e78839367694a') in 0.226948 seconds
  Import took 0.233355 seconds .

========================================================================
Received Import Request.
  Time since last request: 0.000387 seconds.
  path: Assets/Oculus/VR/Materials/Arrow.mat
  artifactKey: Guid(669025377795b574da66d9bb2472fcab) Importer(815301076,1909f56bfc062723c751e8b465ee728b)
Start importing Assets/Oculus/VR/Materials/Arrow.mat using Guid(669025377795b574da66d9bb2472fcab) Importer(815301076,1909f56bfc062723c751e8b465ee728b)  -> (artifact id: 'dc8b840924893b146d157d067507666a') in 0.123584 seconds
  Import took 0.127824 seconds .

========================================================================
Received Import Request.
  Time since last request: 0.000339 seconds.
  path: Assets/Oculus/SampleFramework/Usage/DistanceGrab/Materials/Ball03WithOutline.mat
  artifactKey: Guid(9cba9da727fd742f5b4083909359be0f) Importer(815301076,1909f56bfc062723c751e8b465ee728b)
Start importing Assets/Oculus/SampleFramework/Usage/DistanceGrab/Materials/Ball03WithOutline.mat using Guid(9cba9da727fd742f5b4083909359be0f) Importer(815301076,1909f56bfc062723c751e8b465ee728b)  -> (artifact id: '190ec876c0c898a4c57448cf87076d08') in 0.472644 seconds
  Import took 0.477175 seconds .

========================================================================
Received Import Request.
  Time since last request: 0.000380 seconds.
  path: Assets/Oculus/SampleFramework/Usage/DistanceGrab/Prefabs/OutlineItems/DistanceGrabOculusWaterBottlePf.prefab
  artifactKey: Guid(269666423cfb5994c9d52e58a9ee03d5) Importer(815301076,1909f56bfc062723c751e8b465ee728b)
Start importing Assets/Oculus/SampleFramework/Usage/DistanceGrab/Prefabs/OutlineItems/DistanceGrabOculusWaterBottlePf.prefab using Guid(269666423cfb5994c9d52e58a9ee03d5) Importer(815301076,1909f56bfc062723c751e8b465ee728b)  -> (artifact id: 'ec472ab112bc19973560399562f84c9a') in 0.653814 seconds
  Import took 0.658674 seconds .

========================================================================
Received Import Request.
  Time since last request: 0.000304 seconds.
  path: Assets/Oculus/SampleFramework/Usage/Locomotion/Prefabs/WalkWedgePf.prefab
  artifactKey: Guid(1ebbf2a1c8f914adb93d6505f0368a02) Importer(815301076,1909f56bfc062723c751e8b465ee728b)
Start importing Assets/Oculus/SampleFramework/Usage/Locomotion/Prefabs/WalkWedgePf.prefab using Guid(1ebbf2a1c8f914adb93d6505f0368a02) Importer(815301076,1909f56bfc062723c751e8b465ee728b)  -> (artifact id: '9d62af0950bac9b21f17537f70b43928') in 0.890570 seconds
  Import took 0.895596 seconds .

========================================================================
Received Import Request.
  Time since last request: 0.000423 seconds.
  path: Assets/Oculus/Spatializer/scenes/Standard Assets/Character Controllers/Sources/PrototypeCharacter/Constructor.FBX
  artifactKey: Guid(449b48f7eb5d87a4baaa5fb73f875a59) Importer(815301076,1909f56bfc062723c751e8b465ee728b)
Start importing Assets/Oculus/Spatializer/scenes/Standard Assets/Character Controllers/Sources/PrototypeCharacter/Constructor.FBX using Guid(449b48f7eb5d87a4baaa5fb73f875a59) Importer(815301076,1909f56bfc062723c751e8b465ee728b)  -> (artifact id: 'd042a00ec029b60d42befdd757b1e2b1') in 0.650097 seconds
  Import took 0.655478 seconds .

========================================================================
Received Import Request.
  Time since last request: 0.000429 seconds.
  path: Assets/Oculus/SampleFramework/Usage/DistanceGrab/Materials/MAT_watergun_black.mat
  artifactKey: Guid(5241aafd0a8b14f2e8f9fbc6439cff9b) Importer(815301076,1909f56bfc062723c751e8b465ee728b)
Start importing Assets/Oculus/SampleFramework/Usage/DistanceGrab/Materials/MAT_watergun_black.mat using Guid(5241aafd0a8b14f2e8f9fbc6439cff9b) Importer(815301076,1909f56bfc062723c751e8b465ee728b)  -> (artifact id: 'bac07d7a52517fd5c0c79444eb152648') in 0.026910 seconds
  Import took 0.031581 seconds .

========================================================================
Received Import Request.
  Time since last request: 0.000365 seconds.
  path: Assets/Oculus/SampleFramework/Usage/DistanceGrab/Materials/MAT_watergun_01.mat
  artifactKey: Guid(b72f20b13269b4be29ec790ecc04a34b) Importer(815301076,1909f56bfc062723c751e8b465ee728b)
Start importing Assets/Oculus/SampleFramework/Usage/DistanceGrab/Materials/MAT_watergun_01.mat using Guid(b72f20b13269b4be29ec790ecc04a34b) Importer(815301076,1909f56bfc062723c751e8b465ee728b)  -> (artifact id: '9dccddbf21ac8302b9f9943c1117864a') in 0.514321 seconds
  Import took 0.518989 seconds .

========================================================================
Received Import Request.
  Time since last request: 0.000343 seconds.
  path: Assets/Oculus/SampleFramework/Usage/SharedAssets/Prefabs/OculusWaterBottlePf.prefab
  artifactKey: Guid(44c054c23ca023940ae65542cf6d9185) Importer(815301076,1909f56bfc062723c751e8b465ee728b)
Start importing Assets/Oculus/SampleFramework/Usage/SharedAssets/Prefabs/OculusWaterBottlePf.prefab using Guid(44c054c23ca023940ae65542cf6d9185) Importer(815301076,1909f56bfc062723c751e8b465ee728b)  -> (artifact id: '8e4c6aebd97cc8cac252d946249fe469') in 0.249434 seconds
  Import took 0.255097 seconds .

========================================================================
Received Import Request.
  Time since last request: 0.000348 seconds.
  path: Assets/Oculus/SampleFramework/Usage/Locomotion/Prefabs/SunkenWallsPf.prefab
  artifactKey: Guid(12d2a5f045e39454692a25cb3c3b769f) Importer(815301076,1909f56bfc062723c751e8b465ee728b)
Start importing Assets/Oculus/SampleFramework/Usage/Locomotion/Prefabs/SunkenWallsPf.prefab using Guid(12d2a5f045e39454692a25cb3c3b769f) Importer(815301076,1909f56bfc062723c751e8b465ee728b)  -> (artifact id: '6633a212c1d4957da8c8fcab8f1f24bd') in 3.089937 seconds
  Import took 3.095819 seconds .

========================================================================
Received Import Request.
  Time since last request: 0.000317 seconds.
  path: Assets/WayPoints.cs
  artifactKey: Guid(57b5c09076bd90147bce94c87a39a57d) Importer(815301076,1909f56bfc062723c751e8b465ee728b)
Start importing Assets/WayPoints.cs using Guid(57b5c09076bd90147bce94c87a39a57d) Importer(815301076,1909f56bfc062723c751e8b465ee728b)  -> (artifact id: '4ea388cfb110fd36445c41bfd48ca1b2') in 0.003814 seconds
  Import took 0.023020 seconds .

========================================================================
Received Import Request.
  Time since last request: 0.000666 seconds.
  path: Assets/Oculus/SampleFramework/Usage/Locomotion/Models/WalkWedge_01.fbx
  artifactKey: Guid(81becef10d5504ac0899403e584c3f01) Importer(815301076,1909f56bfc062723c751e8b465ee728b)
Start importing Assets/Oculus/SampleFramework/Usage/Locomotion/Models/WalkWedge_01.fbx using Guid(81becef10d5504ac0899403e584c3f01) Importer(815301076,1909f56bfc062723c751e8b465ee728b)  -> (artifact id: '11d309e919499d5be52afede7e729df0') in 0.405980 seconds
  Import took 0.422695 seconds .

========================================================================
Received Import Request.
  Time since last request: 0.000349 seconds.
  path: Assets/WayPointws.cs
  artifactKey: Guid(458ab47c1c949844584a9499fc058384) Importer(815301076,1909f56bfc062723c751e8b465ee728b)
Start importing Assets/WayPointws.cs using Guid(458ab47c1c949844584a9499fc058384) Importer(815301076,1909f56bfc062723c751e8b465ee728b)  -> (artifact id: 'd2a4f2682757c00f0752d8451d9e948f') in 0.003462 seconds
  Import took 0.007980 seconds .

========================================================================
Received Import Request.
  Time since last request: 0.000287 seconds.
  path: Assets/Oculus/SampleFramework/Usage/DistanceGrab/Materials/Ball10WithOutline.mat
  artifactKey: Guid(d00d1a54e2eb041f4aaa2e3a08cd3e93) Importer(815301076,1909f56bfc062723c751e8b465ee728b)
Start importing Assets/Oculus/SampleFramework/Usage/DistanceGrab/Materials/Ball10WithOutline.mat using Guid(d00d1a54e2eb041f4aaa2e3a08cd3e93) Importer(815301076,1909f56bfc062723c751e8b465ee728b)  -> (artifact id: 'efa3c738c8a87ac2ae8951e185f10c82') in 0.146502 seconds
  Import took 0.151531 seconds .

========================================================================
Received Prepare
Registering precompiled user dll's ...
Registered in 0.010948 seconds.
Begin MonoManager ReloadAssembly
Native extension for WindowsStandalone target not found
Refreshing native plugins compatible for Editor in 1.10 ms, found 6 plugins.
Preloading 1 native plugins for Editor in 0.07 ms.
Invoked RoslynAnalysisRunner static constructor.
RoslynAnalysisRunner will not be running.
RoslynAnalysisRunner has terminated.
Mono: successfully reloaded assembly
- Completed reload, in  2.005 seconds
Platform modules already initialized, skipping
Shader 'Oculus/OVRMRCameraFrameLit': fallback shader 'Alpha-Diffuse' not found
Refreshing native plugins compatible for Editor in 1.12 ms, found 6 plugins.
Preloading 1 native plugins for Editor in 0.08 ms.
Unloading 1684 Unused Serialized files (Serialized files now loaded: 0)
System memory in use before: 110.7 MB.
System memory in use after: 110.9 MB.

Unloading 47 unused Assets to reduce memory usage. Loaded Objects now: 2250.
Total: 3.249000 ms (FindLiveObjects: 0.249000 ms CreateObjectMapping: 0.098900 ms MarkObjects: 2.839900 ms  DeleteObjects: 0.059500 ms)

========================================================================
Received Prepare
Registering precompiled user dll's ...
Registered in 0.199082 seconds.
Begin MonoManager ReloadAssembly
Native extension for WindowsStandalone target not found
Refreshing native plugins compatible for Editor in 2.67 ms, found 6 plugins.
Preloading 1 native plugins for Editor in 0.07 ms.
Invoked RoslynAnalysisRunner static constructor.
RoslynAnalysisRunner will not be running.
RoslynAnalysisRunner has terminated.
Mono: successfully reloaded assembly
- Completed reload, in  2.184 seconds
Platform modules already initialized, skipping
Shader 'Oculus/OVRMRCameraFrameLit': fallback shader 'Alpha-Diffuse' not found
Refreshing native plugins compatible for Editor in 1.44 ms, found 6 plugins.
Preloading 1 native plugins for Editor in 0.06 ms.
Unloading 1684 Unused Serialized files (Serialized files now loaded: 0)
System memory in use before: 111.8 MB.
System memory in use after: 111.9 MB.

Unloading 46 unused Assets to reduce memory usage. Loaded Objects now: 2253.
Total: 4.072600 ms (FindLiveObjects: 0.275000 ms CreateObjectMapping: 0.119200 ms MarkObjects: 3.627000 ms  DeleteObjects: 0.049200 ms)

========================================================================
Received Import Request.
  Time since last request: 328.326213 seconds.
  path: Assets/Move.cs
  artifactKey: Guid(8a0adaf06dddace408cf4f463413d85a) Importer(815301076,1909f56bfc062723c751e8b465ee728b)
Start importing Assets/Move.cs using Guid(8a0adaf06dddace408cf4f463413d85a) Importer(815301076,1909f56bfc062723c751e8b465ee728b)  -> (artifact id: 'fe45e0920af4a35b469a5b19ac18d76f') in 0.013560 seconds
  Import took 0.021293 seconds .

========================================================================
Received Import Request.
  Time since last request: 0.043269 seconds.
  path: Assets/Move.cs
  artifactKey: Guid(8a0adaf06dddace408cf4f463413d85a) Importer(815301076,1909f56bfc062723c751e8b465ee728b)
Start importing Assets/Move.cs using Guid(8a0adaf06dddace408cf4f463413d85a) Importer(815301076,1909f56bfc062723c751e8b465ee728b)  -> (artifact id: 'fe45e0920af4a35b469a5b19ac18d76f') in 0.009141 seconds
  Import took 0.015946 seconds .

========================================================================
Received Prepare
Registering precompiled user dll's ...
Registered in 0.014695 seconds.
Begin MonoManager ReloadAssembly
Native extension for WindowsStandalone target not found
Refreshing native plugins compatible for Editor in 1.56 ms, found 6 plugins.
Preloading 1 native plugins for Editor in 0.08 ms.
Invoked RoslynAnalysisRunner static constructor.
RoslynAnalysisRunner will not be running.
RoslynAnalysisRunner has terminated.
Mono: successfully reloaded assembly
- Completed reload, in  4.119 seconds
Platform modules already initialized, skipping
Shader 'Oculus/OVRMRCameraFrameLit': fallback shader 'Alpha-Diffuse' not found
Refreshing native plugins compatible for Editor in 2.97 ms, found 6 plugins.
Preloading 1 native plugins for Editor in 0.11 ms.
Unloading 1684 Unused Serialized files (Serialized files now loaded: 0)
System memory in use before: 111.5 MB.
System memory in use after: 111.6 MB.

Unloading 46 unused Assets to reduce memory usage. Loaded Objects now: 2256.
Total: 5.916700 ms (FindLiveObjects: 0.416300 ms CreateObjectMapping: 0.207000 ms MarkObjects: 5.208100 ms  DeleteObjects: 0.082800 ms)

========================================================================
Received Prepare
Registering precompiled user dll's ...
Registered in 0.035373 seconds.
Begin MonoManager ReloadAssembly
Native extension for WindowsStandalone target not found
Refreshing native plugins compatible for Editor in 2.57 ms, found 6 plugins.
Preloading 1 native plugins for Editor in 0.23 ms.
Invoked RoslynAnalysisRunner static constructor.
RoslynAnalysisRunner will not be running.
RoslynAnalysisRunner has terminated.
Mono: successfully reloaded assembly
- Completed reload, in  3.934 seconds
Platform modules already initialized, skipping
Shader 'Oculus/OVRMRCameraFrameLit': fallback shader 'Alpha-Diffuse' not found
Refreshing native plugins compatible for Editor in 2.55 ms, found 6 plugins.
Preloading 1 native plugins for Editor in 0.17 ms.
Unloading 1684 Unused Serialized files (Serialized files now loaded: 0)
System memory in use before: 111.8 MB.
System memory in use after: 111.9 MB.

Unloading 46 unused Assets to reduce memory usage. Loaded Objects now: 2259.
Total: 5.031300 ms (FindLiveObjects: 0.596200 ms CreateObjectMapping: 0.151200 ms MarkObjects: 4.222200 ms  DeleteObjects: 0.059200 ms)

========================================================================
Received Prepare
Registering precompiled user dll's ...
Registered in 0.016809 seconds.
Begin MonoManager ReloadAssembly
Native extension for WindowsStandalone target not found
Refreshing native plugins compatible for Editor in 4.16 ms, found 6 plugins.
Preloading 1 native plugins for Editor in 0.10 ms.
Invoked RoslynAnalysisRunner static constructor.
RoslynAnalysisRunner will not be running.
RoslynAnalysisRunner has terminated.
Mono: successfully reloaded assembly
- Completed reload, in  4.883 seconds
Platform modules already initialized, skipping
Shader 'Oculus/OVRMRCameraFrameLit': fallback shader 'Alpha-Diffuse' not found
Refreshing native plugins compatible for Editor in 5.56 ms, found 6 plugins.
Preloading 1 native plugins for Editor in 0.13 ms.
Unloading 1684 Unused Serialized files (Serialized files now loaded: 0)
System memory in use before: 111.8 MB.
System memory in use after: 111.9 MB.

Unloading 46 unused Assets to reduce memory usage. Loaded Objects now: 2262.
Total: 7.138700 ms (FindLiveObjects: 1.439600 ms CreateObjectMapping: 0.308700 ms MarkObjects: 5.321300 ms  DeleteObjects: 0.066100 ms)

========================================================================
Received Prepare
Registering precompiled user dll's ...
Registered in 0.027540 seconds.
Begin MonoManager ReloadAssembly
Native extension for WindowsStandalone target not found
Refreshing native plugins compatible for Editor in 1.48 ms, found 6 plugins.
Preloading 1 native plugins for Editor in 0.09 ms.
Invoked RoslynAnalysisRunner static constructor.
RoslynAnalysisRunner will not be running.
RoslynAnalysisRunner has terminated.
Mono: successfully reloaded assembly
- Completed reload, in  4.399 seconds
Platform modules already initialized, skipping
Shader 'Oculus/OVRMRCameraFrameLit': fallback shader 'Alpha-Diffuse' not found
Refreshing native plugins compatible for Editor in 1.70 ms, found 6 plugins.
Preloading 1 native plugins for Editor in 0.07 ms.
Unloading 1684 Unused Serialized files (Serialized files now loaded: 0)
System memory in use before: 111.8 MB.
System memory in use after: 111.9 MB.

Unloading 46 unused Assets to reduce memory usage. Loaded Objects now: 2265.
Total: 5.200600 ms (FindLiveObjects: 0.420900 ms CreateObjectMapping: 0.187300 ms MarkObjects: 4.522000 ms  DeleteObjects: 0.068000 ms)

========================================================================
Received Prepare
Registering precompiled user dll's ...
Registered in 0.010596 seconds.
Begin MonoManager ReloadAssembly
Native extension for WindowsStandalone target not found
Refreshing native plugins compatible for Editor in 1.53 ms, found 6 plugins.
Preloading 1 native plugins for Editor in 0.09 ms.
Invoked RoslynAnalysisRunner static constructor.
RoslynAnalysisRunner will not be running.
RoslynAnalysisRunner has terminated.
Mono: successfully reloaded assembly
- Completed reload, in  2.715 seconds
Platform modules already initialized, skipping
Shader 'Oculus/OVRMRCameraFrameLit': fallback shader 'Alpha-Diffuse' not found
Refreshing native plugins compatible for Editor in 1.47 ms, found 6 plugins.
Preloading 1 native plugins for Editor in 0.07 ms.
Unloading 1684 Unused Serialized files (Serialized files now loaded: 0)
System memory in use before: 111.8 MB.
System memory in use after: 111.9 MB.

Unloading 46 unused Assets to reduce memory usage. Loaded Objects now: 2268.
Total: 3.989900 ms (FindLiveObjects: 0.461100 ms CreateObjectMapping: 0.194000 ms MarkObjects: 3.247900 ms  DeleteObjects: 0.084400 ms)

========================================================================
Received Prepare
Registering precompiled user dll's ...
Registered in 0.017619 seconds.
Begin MonoManager ReloadAssembly
Native extension for WindowsStandalone target not found
Refreshing native plugins compatible for Editor in 3.67 ms, found 6 plugins.
Preloading 1 native plugins for Editor in 0.14 ms.
Invoked RoslynAnalysisRunner static constructor.
RoslynAnalysisRunner will not be running.
RoslynAnalysisRunner has terminated.
Mono: successfully reloaded assembly
- Completed reload, in  4.106 seconds
Platform modules already initialized, skipping
Shader 'Oculus/OVRMRCameraFrameLit': fallback shader 'Alpha-Diffuse' not found
Refreshing native plugins compatible for Editor in 2.37 ms, found 6 plugins.
Preloading 1 native plugins for Editor in 0.08 ms.
Unloading 1684 Unused Serialized files (Serialized files now loaded: 0)
System memory in use before: 111.7 MB.
System memory in use after: 111.8 MB.

Unloading 46 unused Assets to reduce memory usage. Loaded Objects now: 2271.
Total: 7.273500 ms (FindLiveObjects: 1.517500 ms CreateObjectMapping: 0.240300 ms MarkObjects: 5.427000 ms  DeleteObjects: 0.086900 ms)

========================================================================
Received Prepare
Registering precompiled user dll's ...
Registered in 0.010494 seconds.
Begin MonoManager ReloadAssembly
Native extension for WindowsStandalone target not found
Refreshing native plugins compatible for Editor in 4.91 ms, found 6 plugins.
Preloading 1 native plugins for Editor in 0.11 ms.
Invoked RoslynAnalysisRunner static constructor.
RoslynAnalysisRunner will not be running.
RoslynAnalysisRunner has terminated.
Mono: successfully reloaded assembly
- Completed reload, in  3.225 seconds
Platform modules already initialized, skipping
Shader 'Oculus/OVRMRCameraFrameLit': fallback shader 'Alpha-Diffuse' not found
Refreshing native plugins compatible for Editor in 3.61 ms, found 6 plugins.
Preloading 1 native plugins for Editor in 0.10 ms.
Unloading 1685 Unused Serialized files (Serialized files now loaded: 0)
System memory in use before: 111.8 MB.
System memory in use after: 112.0 MB.

Unloading 46 unused Assets to reduce memory usage. Loaded Objects now: 2275.
Total: 6.033000 ms (FindLiveObjects: 1.761000 ms CreateObjectMapping: 0.233300 ms MarkObjects: 3.859900 ms  DeleteObjects: 0.176200 ms)

========================================================================
Received Prepare
Registering precompiled user dll's ...
Registered in 0.011104 seconds.
Begin MonoManager ReloadAssembly
Native extension for WindowsStandalone target not found
Refreshing native plugins compatible for Editor in 1.16 ms, found 6 plugins.
Preloading 1 native plugins for Editor in 0.07 ms.
Invoked RoslynAnalysisRunner static constructor.
RoslynAnalysisRunner will not be running.
RoslynAnalysisRunner has terminated.
Mono: successfully reloaded assembly
- Completed reload, in  1.902 seconds
Platform modules already initialized, skipping
Shader 'Oculus/OVRMRCameraFrameLit': fallback shader 'Alpha-Diffuse' not found
Refreshing native plugins compatible for Editor in 1.22 ms, found 6 plugins.
Preloading 1 native plugins for Editor in 0.06 ms.
Unloading 1685 Unused Serialized files (Serialized files now loaded: 0)
System memory in use before: 111.8 MB.
System memory in use after: 112.0 MB.

Unloading 46 unused Assets to reduce memory usage. Loaded Objects now: 2278.
Total: 3.433900 ms (FindLiveObjects: 0.375700 ms CreateObjectMapping: 0.165200 ms MarkObjects: 2.656600 ms  DeleteObjects: 0.185100 ms)

========================================================================
Received Prepare
Registering precompiled user dll's ...
Registered in 0.013727 seconds.
Begin MonoManager ReloadAssembly
Native extension for WindowsStandalone target not found
Refreshing native plugins compatible for Editor in 5.22 ms, found 6 plugins.
Preloading 1 native plugins for Editor in 0.09 ms.
Invoked RoslynAnalysisRunner static constructor.
RoslynAnalysisRunner will not be running.
RoslynAnalysisRunner has terminated.
Mono: successfully reloaded assembly
- Completed reload, in  5.094 seconds
Platform modules already initialized, skipping
Shader 'Oculus/OVRMRCameraFrameLit': fallback shader 'Alpha-Diffuse' not found
Refreshing native plugins compatible for Editor in 2.64 ms, found 6 plugins.
Preloading 1 native plugins for Editor in 0.11 ms.
Unloading 1685 Unused Serialized files (Serialized files now loaded: 0)
System memory in use before: 111.6 MB.
System memory in use after: 111.7 MB.

Unloading 46 unused Assets to reduce memory usage. Loaded Objects now: 2281.
Total: 10.882900 ms (FindLiveObjects: 2.220500 ms CreateObjectMapping: 0.317800 ms MarkObjects: 8.282700 ms  DeleteObjects: 0.059400 ms)

========================================================================
Received Import Request.
  Time since last request: 701.387059 seconds.
  path: Assets/ObjDestroy.cs
  artifactKey: Guid(997b48a73db98d34388bf653d236160a) Importer(815301076,1909f56bfc062723c751e8b465ee728b)
Start importing Assets/ObjDestroy.cs using Guid(997b48a73db98d34388bf653d236160a) Importer(815301076,1909f56bfc062723c751e8b465ee728b)  -> (artifact id: 'f6a916d655e8328b40933bc76ebd88c1') in 0.013102 seconds
  Import took 0.048111 seconds .

========================================================================
Received Import Request.
  Time since last request: 0.001384 seconds.
  path: Assets/ObjDestroy.cs
  artifactKey: Guid(997b48a73db98d34388bf653d236160a) Importer(815301076,1909f56bfc062723c751e8b465ee728b)
Start importing Assets/ObjDestroy.cs using Guid(997b48a73db98d34388bf653d236160a) Importer(815301076,1909f56bfc062723c751e8b465ee728b)  -> (artifact id: 'f6a916d655e8328b40933bc76ebd88c1') in 0.006782 seconds
  Import took 0.014448 seconds .

========================================================================
Received Prepare
Registering precompiled user dll's ...
Registered in 0.021268 seconds.
Begin MonoManager ReloadAssembly
Native extension for WindowsStandalone target not found
Refreshing native plugins compatible for Editor in 1.28 ms, found 6 plugins.
Preloading 1 native plugins for Editor in 0.07 ms.
Invoked RoslynAnalysisRunner static constructor.
RoslynAnalysisRunner will not be running.
RoslynAnalysisRunner has terminated.
Mono: successfully reloaded assembly
- Completed reload, in  1.942 seconds
Platform modules already initialized, skipping
Shader 'Oculus/OVRMRCameraFrameLit': fallback shader 'Alpha-Diffuse' not found
Refreshing native plugins compatible for Editor in 1.33 ms, found 6 plugins.
Preloading 1 native plugins for Editor in 0.06 ms.
Unloading 1685 Unused Serialized files (Serialized files now loaded: 0)
System memory in use before: 111.9 MB.
System memory in use after: 112.0 MB.

Unloading 46 unused Assets to reduce memory usage. Loaded Objects now: 2284.
Total: 2.994700 ms (FindLiveObjects: 0.377200 ms CreateObjectMapping: 0.146800 ms MarkObjects: 2.421500 ms  DeleteObjects: 0.047300 ms)

========================================================================
Received Import Request.
  Time since last request: 24.077445 seconds.
  path: Assets/ObjDestroy.cs
  artifactKey: Guid(997b48a73db98d34388bf653d236160a) Importer(815301076,1909f56bfc062723c751e8b465ee728b)
Start importing Assets/ObjDestroy.cs using Guid(997b48a73db98d34388bf653d236160a) Importer(815301076,1909f56bfc062723c751e8b465ee728b)  -> (artifact id: '72abf1e390c495fbce17846e90dfa576') in 0.007912 seconds
  Import took 0.029398 seconds .

========================================================================
Received Import Request.
  Time since last request: 2.543515 seconds.
  path: Assets/ObjDestroy.cs
  artifactKey: Guid(997b48a73db98d34388bf653d236160a) Importer(815301076,1909f56bfc062723c751e8b465ee728b)
Start importing Assets/ObjDestroy.cs using Guid(997b48a73db98d34388bf653d236160a) Importer(815301076,1909f56bfc062723c751e8b465ee728b)  -> (artifact id: '72abf1e390c495fbce17846e90dfa576') in 0.004633 seconds
  Import took 0.010547 seconds .

========================================================================
Received Prepare
Registering precompiled user dll's ...
Registered in 0.018781 seconds.
Begin MonoManager ReloadAssembly
Native extension for WindowsStandalone target not found
Refreshing native plugins compatible for Editor in 5.42 ms, found 6 plugins.
Preloading 1 native plugins for Editor in 0.10 ms.
Invoked RoslynAnalysisRunner static constructor.
RoslynAnalysisRunner will not be running.
RoslynAnalysisRunner has terminated.
Mono: successfully reloaded assembly
- Completed reload, in  5.273 seconds
Platform modules already initialized, skipping
Shader 'Oculus/OVRMRCameraFrameLit': fallback shader 'Alpha-Diffuse' not found
Refreshing native plugins compatible for Editor in 3.40 ms, found 6 plugins.
Preloading 1 native plugins for Editor in 0.10 ms.
Unloading 1685 Unused Serialized files (Serialized files now loaded: 0)
System memory in use before: 111.8 MB.
System memory in use after: 111.9 MB.

Unloading 46 unused Assets to reduce memory usage. Loaded Objects now: 2287.
Total: 5.340100 ms (FindLiveObjects: 0.443900 ms CreateObjectMapping: 0.179900 ms MarkObjects: 4.652100 ms  DeleteObjects: 0.061200 ms)

========================================================================
Received Import Request.
  Time since last request: 33642.119305 seconds.
  path: Assets/render/Materials/sky.mat
  artifactKey: Guid(8d91dbba66a6c954ab30730f51735b06) Importer(815301076,1909f56bfc062723c751e8b465ee728b)
Start importing Assets/render/Materials/sky.mat using Guid(8d91dbba66a6c954ab30730f51735b06) Importer(815301076,1909f56bfc062723c751e8b465ee728b)  -> (artifact id: '303d8d321530a9c265389b01f467c517') in 0.101709 seconds
  Import took 0.106815 seconds .

========================================================================
Received Import Request.
  Time since last request: 13.499709 seconds.
  path: Assets/Oculus/Platform/Samples/RichPresenceSample/Prefabs/Rich Presence Sample.prefab
  artifactKey: Guid(a7de3e5619aa4f94c86abdaa1aad343b) Importer(815301076,1909f56bfc062723c751e8b465ee728b)
Start importing Assets/Oculus/Platform/Samples/RichPresenceSample/Prefabs/Rich Presence Sample.prefab using Guid(a7de3e5619aa4f94c86abdaa1aad343b) Importer(815301076,1909f56bfc062723c751e8b465ee728b)  -> (artifact id: 'd23e05f7f86b5748ce170893f01bf265') in 0.059920 seconds
  Import took 0.073262 seconds .

========================================================================
Received Import Request.
  Time since last request: 384.158428 seconds.
  path: Assets/Prefab
  artifactKey: Guid(3a3f414d9280fbd4f87064669a7c9179) Importer(815301076,1909f56bfc062723c751e8b465ee728b)
Start importing Assets/Prefab using Guid(3a3f414d9280fbd4f87064669a7c9179) Importer(815301076,1909f56bfc062723c751e8b465ee728b)  -> (artifact id: '1568ce7acc8ee462f866fe2cb1adeda9') in 0.004079 seconds
  Import took 0.016531 seconds .

========================================================================
Received Import Request.
  Time since last request: 9.044449 seconds.
  path: Assets/Prefab/New Prefab.prefab
  artifactKey: Guid(e45931a4a734ac444aa04ae41ad0ed6c) Importer(815301076,1909f56bfc062723c751e8b465ee728b)
Start importing Assets/Prefab/New Prefab.prefab using Guid(e45931a4a734ac444aa04ae41ad0ed6c) Importer(815301076,1909f56bfc062723c751e8b465ee728b)  -> (artifact id: '435329cdbf8fe5e247f7ab41f716504b') in 0.006971 seconds
  Import took 0.011988 seconds .

========================================================================
Received Import Request.
  Time since last request: 47.721726 seconds.
  path: Assets/Prefab/New Prefab.prefab
  artifactKey: Guid(e45931a4a734ac444aa04ae41ad0ed6c) Importer(815301076,1909f56bfc062723c751e8b465ee728b)
Start importing Assets/Prefab/New Prefab.prefab using Guid(e45931a4a734ac444aa04ae41ad0ed6c) Importer(815301076,1909f56bfc062723c751e8b465ee728b)  -> (artifact id: 'c7057dd2f8a34c452621d214eed6cc76') in 0.055854 seconds
  Import took 0.074498 seconds .

========================================================================
Received Prepare
Registering precompiled user dll's ...
Registered in 0.003889 seconds.
Begin MonoManager ReloadAssembly
Native extension for WindowsStandalone target not found
Refreshing native plugins compatible for Editor in 0.79 ms, found 6 plugins.
Preloading 1 native plugins for Editor in 0.05 ms.
Invoked RoslynAnalysisRunner static constructor.
RoslynAnalysisRunner will not be running.
RoslynAnalysisRunner has terminated.
Mono: successfully reloaded assembly
- Completed reload, in  1.715 seconds
Platform modules already initialized, skipping
Shader 'Oculus/OVRMRCameraFrameLit': fallback shader 'Alpha-Diffuse' not found
Refreshing native plugins compatible for Editor in 1.08 ms, found 6 plugins.
Preloading 1 native plugins for Editor in 0.05 ms.
Unloading 1686 Unused Serialized files (Serialized files now loaded: 0)
System memory in use before: 112.0 MB.
System memory in use after: 112.1 MB.

Unloading 47 unused Assets to reduce memory usage. Loaded Objects now: 2295.
Total: 3.680600 ms (FindLiveObjects: 0.322200 ms CreateObjectMapping: 0.123900 ms MarkObjects: 3.177200 ms  DeleteObjects: 0.040800 ms)

========================================================================
Received Import Request.
  Time since last request: 88.415973 seconds.
  path: Assets/Prefab/New Prefab.prefab
  artifactKey: Guid(e45931a4a734ac444aa04ae41ad0ed6c) Importer(815301076,1909f56bfc062723c751e8b465ee728b)
Start importing Assets/Prefab/New Prefab.prefab using Guid(e45931a4a734ac444aa04ae41ad0ed6c) Importer(815301076,1909f56bfc062723c751e8b465ee728b)  -> (artifact id: '421a23d9ea94c7477386de5c709d63b4') in 0.102630 seconds
  Import took 0.145799 seconds .

========================================================================
Received Import Request.
  Time since last request: 0.034544 seconds.
  path: Assets/Prefab/New Prefab.prefab
  artifactKey: Guid(e45931a4a734ac444aa04ae41ad0ed6c) Importer(815301076,1909f56bfc062723c751e8b465ee728b)
Start importing Assets/Prefab/New Prefab.prefab using Guid(e45931a4a734ac444aa04ae41ad0ed6c) Importer(815301076,1909f56bfc062723c751e8b465ee728b)  -> (artifact id: '421a23d9ea94c7477386de5c709d63b4') in 0.020625 seconds
  Import took 0.024717 seconds .

========================================================================
Received Prepare
Registering precompiled user dll's ...
Registered in 0.006063 seconds.
Begin MonoManager ReloadAssembly
Native extension for WindowsStandalone target not found
Refreshing native plugins compatible for Editor in 0.78 ms, found 6 plugins.
Preloading 1 native plugins for Editor in 0.05 ms.
Invoked RoslynAnalysisRunner static constructor.
RoslynAnalysisRunner will not be running.
RoslynAnalysisRunner has terminated.
Mono: successfully reloaded assembly
- Completed reload, in  1.412 seconds
Platform modules already initialized, skipping
Shader 'Oculus/OVRMRCameraFrameLit': fallback shader 'Alpha-Diffuse' not found
Refreshing native plugins compatible for Editor in 0.88 ms, found 6 plugins.
Preloading 1 native plugins for Editor in 0.08 ms.
Unloading 1686 Unused Serialized files (Serialized files now loaded: 0)
System memory in use before: 112.0 MB.
System memory in use after: 112.1 MB.

Unloading 47 unused Assets to reduce memory usage. Loaded Objects now: 2299.
Total: 2.214500 ms (FindLiveObjects: 0.265200 ms CreateObjectMapping: 0.086400 ms MarkObjects: 1.824600 ms  DeleteObjects: 0.036700 ms)

========================================================================
Received Prepare
Registering precompiled user dll's ...
Registered in 0.003972 seconds.
Begin MonoManager ReloadAssembly
Native extension for WindowsStandalone target not found
Refreshing native plugins compatible for Editor in 0.81 ms, found 6 plugins.
Preloading 1 native plugins for Editor in 0.05 ms.
Invoked RoslynAnalysisRunner static constructor.
RoslynAnalysisRunner will not be running.
RoslynAnalysisRunner has terminated.
Mono: successfully reloaded assembly
- Completed reload, in  1.354 seconds
Platform modules already initialized, skipping
Shader 'Oculus/OVRMRCameraFrameLit': fallback shader 'Alpha-Diffuse' not found
Refreshing native plugins compatible for Editor in 0.99 ms, found 6 plugins.
Preloading 1 native plugins for Editor in 0.04 ms.
Unloading 1686 Unused Serialized files (Serialized files now loaded: 0)
System memory in use before: 111.8 MB.
System memory in use after: 111.9 MB.

Unloading 46 unused Assets to reduce memory usage. Loaded Objects now: 2302.
Total: 3.792600 ms (FindLiveObjects: 0.255500 ms CreateObjectMapping: 0.164600 ms MarkObjects: 3.307900 ms  DeleteObjects: 0.062400 ms)

========================================================================
Received Prepare
Registering precompiled user dll's ...
Registered in 0.008309 seconds.
Begin MonoManager ReloadAssembly
Native extension for WindowsStandalone target not found
Refreshing native plugins compatible for Editor in 1.36 ms, found 6 plugins.
Preloading 1 native plugins for Editor in 0.12 ms.
Invoked RoslynAnalysisRunner static constructor.
RoslynAnalysisRunner will not be running.
RoslynAnalysisRunner has terminated.
Mono: successfully reloaded assembly
- Completed reload, in  2.399 seconds
Platform modules already initialized, skipping
Shader 'Oculus/OVRMRCameraFrameLit': fallback shader 'Alpha-Diffuse' not found
Refreshing native plugins compatible for Editor in 1.79 ms, found 6 plugins.
Preloading 1 native plugins for Editor in 0.07 ms.
Unloading 1686 Unused Serialized files (Serialized files now loaded: 0)
System memory in use before: 112.0 MB.
System memory in use after: 112.1 MB.

Unloading 46 unused Assets to reduce memory usage. Loaded Objects now: 2305.
Total: 6.385800 ms (FindLiveObjects: 1.676300 ms CreateObjectMapping: 1.264000 ms MarkObjects: 3.397200 ms  DeleteObjects: 0.046300 ms)

========================================================================
Received Prepare
Registering precompiled user dll's ...
Registered in 0.005956 seconds.
Begin MonoManager ReloadAssembly
Native extension for WindowsStandalone target not found
Refreshing native plugins compatible for Editor in 1.68 ms, found 6 plugins.
Preloading 1 native plugins for Editor in 0.06 ms.
Invoked RoslynAnalysisRunner static constructor.
RoslynAnalysisRunner will not be running.
RoslynAnalysisRunner has terminated.
Mono: successfully reloaded assembly
- Completed reload, in  2.010 seconds
Platform modules already initialized, skipping
Shader 'Oculus/OVRMRCameraFrameLit': fallback shader 'Alpha-Diffuse' not found
Refreshing native plugins compatible for Editor in 1.34 ms, found 6 plugins.
Preloading 1 native plugins for Editor in 0.10 ms.
Unloading 1686 Unused Serialized files (Serialized files now loaded: 0)
System memory in use before: 112.0 MB.
System memory in use after: 112.1 MB.

Unloading 46 unused Assets to reduce memory usage. Loaded Objects now: 2308.
Total: 5.101800 ms (FindLiveObjects: 0.476200 ms CreateObjectMapping: 0.168200 ms MarkObjects: 4.404000 ms  DeleteObjects: 0.051800 ms)

========================================================================
Received Prepare
Registering precompiled user dll's ...
Registered in 0.006951 seconds.
Begin MonoManager ReloadAssembly
Native extension for WindowsStandalone target not found
Refreshing native plugins compatible for Editor in 2.42 ms, found 6 plugins.
Preloading 1 native plugins for Editor in 0.12 ms.
Invoked RoslynAnalysisRunner static constructor.
RoslynAnalysisRunner will not be running.
RoslynAnalysisRunner has terminated.
Mono: successfully reloaded assembly
- Completed reload, in  1.545 seconds
Platform modules already initialized, skipping
Shader 'Oculus/OVRMRCameraFrameLit': fallback shader 'Alpha-Diffuse' not found
Refreshing native plugins compatible for Editor in 1.29 ms, found 6 plugins.
Preloading 1 native plugins for Editor in 0.09 ms.
Unloading 1686 Unused Serialized files (Serialized files now loaded: 0)
System memory in use before: 111.7 MB.
System memory in use after: 111.8 MB.

Unloading 46 unused Assets to reduce memory usage. Loaded Objects now: 2311.
Total: 3.299900 ms (FindLiveObjects: 0.528000 ms CreateObjectMapping: 0.223100 ms MarkObjects: 2.469600 ms  DeleteObjects: 0.077700 ms)

========================================================================
Received Prepare
Registering precompiled user dll's ...
Registered in 0.006547 seconds.
Begin MonoManager ReloadAssembly
Native extension for WindowsStandalone target not found
Refreshing native plugins compatible for Editor in 1.09 ms, found 6 plugins.
Preloading 1 native plugins for Editor in 0.07 ms.
Invoked RoslynAnalysisRunner static constructor.
RoslynAnalysisRunner will not be running.
RoslynAnalysisRunner has terminated.
Mono: successfully reloaded assembly
- Completed reload, in  1.647 seconds
Platform modules already initialized, skipping
Shader 'Oculus/OVRMRCameraFrameLit': fallback shader 'Alpha-Diffuse' not found
Refreshing native plugins compatible for Editor in 0.89 ms, found 6 plugins.
Preloading 1 native plugins for Editor in 0.05 ms.
Unloading 1686 Unused Serialized files (Serialized files now loaded: 0)
System memory in use before: 112.0 MB.
System memory in use after: 112.1 MB.

Unloading 46 unused Assets to reduce memory usage. Loaded Objects now: 2314.
Total: 3.755200 ms (FindLiveObjects: 0.339200 ms CreateObjectMapping: 0.080700 ms MarkObjects: 3.265600 ms  DeleteObjects: 0.044300 ms)

========================================================================
Received Prepare
Registering precompiled user dll's ...
Registered in 0.007904 seconds.
Begin MonoManager ReloadAssembly
Native extension for WindowsStandalone target not found
Refreshing native plugins compatible for Editor in 1.32 ms, found 6 plugins.
Preloading 1 native plugins for Editor in 0.07 ms.
Invoked RoslynAnalysisRunner static constructor.
RoslynAnalysisRunner will not be running.
RoslynAnalysisRunner has terminated.
Mono: successfully reloaded assembly
- Completed reload, in  1.656 seconds
Platform modules already initialized, skipping
Shader 'Oculus/OVRMRCameraFrameLit': fallback shader 'Alpha-Diffuse' not found
Refreshing native plugins compatible for Editor in 1.41 ms, found 6 plugins.
Preloading 1 native plugins for Editor in 0.10 ms.
Unloading 1686 Unused Serialized files (Serialized files now loaded: 0)
System memory in use before: 111.9 MB.
System memory in use after: 112.0 MB.

Unloading 46 unused Assets to reduce memory usage. Loaded Objects now: 2317.
Total: 3.629500 ms (FindLiveObjects: 0.530700 ms CreateObjectMapping: 0.132300 ms MarkObjects: 2.909800 ms  DeleteObjects: 0.055000 ms)

========================================================================
Received Import Request.
  Time since last request: 414.088527 seconds.
  path: Assets/Prefab/New Prefab.prefab
  artifactKey: Guid(e45931a4a734ac444aa04ae41ad0ed6c) Importer(815301076,1909f56bfc062723c751e8b465ee728b)
Start importing Assets/Prefab/New Prefab.prefab using Guid(e45931a4a734ac444aa04ae41ad0ed6c) Importer(815301076,1909f56bfc062723c751e8b465ee728b)  -> (artifact id: '3fa6276af6c278148e109ed0bb926781') in 0.096070 seconds
  Import took 0.116957 seconds .

========================================================================
Received Import Request.
  Time since last request: 0.003885 seconds.
  path: Assets/Prefab/New Prefab.prefab
  artifactKey: Guid(e45931a4a734ac444aa04ae41ad0ed6c) Importer(815301076,1909f56bfc062723c751e8b465ee728b)
Start importing Assets/Prefab/New Prefab.prefab using Guid(e45931a4a734ac444aa04ae41ad0ed6c) Importer(815301076,1909f56bfc062723c751e8b465ee728b)  -> (artifact id: '3fa6276af6c278148e109ed0bb926781') in 0.020240 seconds
  Import took 0.025522 seconds .

========================================================================
Received Prepare
Registering precompiled user dll's ...
Registered in 0.004597 seconds.
Begin MonoManager ReloadAssembly
Native extension for WindowsStandalone target not found
Refreshing native plugins compatible for Editor in 0.77 ms, found 6 plugins.
Preloading 1 native plugins for Editor in 0.04 ms.
Invoked RoslynAnalysisRunner static constructor.
RoslynAnalysisRunner will not be running.
RoslynAnalysisRunner has terminated.
Mono: successfully reloaded assembly
- Completed reload, in  1.398 seconds
Platform modules already initialized, skipping
Shader 'Oculus/OVRMRCameraFrameLit': fallback shader 'Alpha-Diffuse' not found
Refreshing native plugins compatible for Editor in 0.84 ms, found 6 plugins.
Preloading 1 native plugins for Editor in 0.04 ms.
Unloading 1686 Unused Serialized files (Serialized files now loaded: 0)
System memory in use before: 112.0 MB.
System memory in use after: 112.1 MB.

Unloading 47 unused Assets to reduce memory usage. Loaded Objects now: 2321.
Total: 2.575800 ms (FindLiveObjects: 0.221500 ms CreateObjectMapping: 0.080500 ms MarkObjects: 2.211700 ms  DeleteObjects: 0.060900 ms)

========================================================================
Received Prepare
Registering precompiled user dll's ...
Registered in 0.003889 seconds.
Begin MonoManager ReloadAssembly
Native extension for WindowsStandalone target not found
Refreshing native plugins compatible for Editor in 1.34 ms, found 6 plugins.
Preloading 1 native plugins for Editor in 0.12 ms.
Invoked RoslynAnalysisRunner static constructor.
RoslynAnalysisRunner will not be running.
RoslynAnalysisRunner has terminated.
Mono: successfully reloaded assembly
- Completed reload, in  1.725 seconds
Platform modules already initialized, skipping
Shader 'Oculus/OVRMRCameraFrameLit': fallback shader 'Alpha-Diffuse' not found
Refreshing native plugins compatible for Editor in 1.20 ms, found 6 plugins.
Preloading 1 native plugins for Editor in 0.08 ms.
Unloading 1686 Unused Serialized files (Serialized files now loaded: 0)
System memory in use before: 112.0 MB.
System memory in use after: 112.1 MB.

Unloading 46 unused Assets to reduce memory usage. Loaded Objects now: 2324.
Total: 3.385500 ms (FindLiveObjects: 0.356400 ms CreateObjectMapping: 0.141400 ms MarkObjects: 2.840800 ms  DeleteObjects: 0.044600 ms)

========================================================================
Received Prepare
Registering precompiled user dll's ...
Registered in 0.005723 seconds.
Begin MonoManager ReloadAssembly
Native extension for WindowsStandalone target not found
Refreshing native plugins compatible for Editor in 0.93 ms, found 6 plugins.
Preloading 1 native plugins for Editor in 0.06 ms.
Invoked RoslynAnalysisRunner static constructor.
RoslynAnalysisRunner will not be running.
RoslynAnalysisRunner has terminated.
Mono: successfully reloaded assembly
- Completed reload, in  1.635 seconds
Platform modules already initialized, skipping
Shader 'Oculus/OVRMRCameraFrameLit': fallback shader 'Alpha-Diffuse' not found
Refreshing native plugins compatible for Editor in 1.77 ms, found 6 plugins.
Preloading 1 native plugins for Editor in 0.07 ms.
Unloading 1686 Unused Serialized files (Serialized files now loaded: 0)
System memory in use before: 111.8 MB.
System memory in use after: 111.9 MB.

Unloading 46 unused Assets to reduce memory usage. Loaded Objects now: 2327.
Total: 11.175700 ms (FindLiveObjects: 1.913200 ms CreateObjectMapping: 0.202500 ms MarkObjects: 9.008800 ms  DeleteObjects: 0.048500 ms)

========================================================================
Received Prepare
Registering precompiled user dll's ...
Registered in 0.006422 seconds.
Begin MonoManager ReloadAssembly
Native extension for WindowsStandalone target not found
Refreshing native plugins compatible for Editor in 1.38 ms, found 6 plugins.
Preloading 1 native plugins for Editor in 0.12 ms.
Invoked RoslynAnalysisRunner static constructor.
RoslynAnalysisRunner will not be running.
RoslynAnalysisRunner has terminated.
Mono: successfully reloaded assembly
- Completed reload, in  2.007 seconds
Platform modules already initialized, skipping
Shader 'Oculus/OVRMRCameraFrameLit': fallback shader 'Alpha-Diffuse' not found
Refreshing native plugins compatible for Editor in 1.31 ms, found 6 plugins.
Preloading 1 native plugins for Editor in 0.10 ms.
Unloading 1686 Unused Serialized files (Serialized files now loaded: 0)
System memory in use before: 112.1 MB.
System memory in use after: 112.2 MB.

Unloading 46 unused Assets to reduce memory usage. Loaded Objects now: 2330.
Total: 4.407500 ms (FindLiveObjects: 1.194500 ms CreateObjectMapping: 0.410600 ms MarkObjects: 2.765700 ms  DeleteObjects: 0.034600 ms)

========================================================================
Received Import Request.
  Time since last request: 193.016673 seconds.
  path: Assets/Create.cs
  artifactKey: Guid(14984e515d5ee1347845ad3efe03754f) Importer(815301076,1909f56bfc062723c751e8b465ee728b)
Start importing Assets/Create.cs using Guid(14984e515d5ee1347845ad3efe03754f) Importer(815301076,1909f56bfc062723c751e8b465ee728b)  -> (artifact id: '16a4e197ffa874eaf9b395c57253c651') in 0.010117 seconds
  Import took 0.046394 seconds .

========================================================================
Received Prepare
Registering precompiled user dll's ...
Registered in 0.005893 seconds.
Begin MonoManager ReloadAssembly
Native extension for WindowsStandalone target not found
Refreshing native plugins compatible for Editor in 0.94 ms, found 6 plugins.
Preloading 1 native plugins for Editor in 0.05 ms.
Invoked RoslynAnalysisRunner static constructor.
RoslynAnalysisRunner will not be running.
RoslynAnalysisRunner has terminated.
Mono: successfully reloaded assembly
- Completed reload, in  1.624 seconds
Platform modules already initialized, skipping
Shader 'Oculus/OVRMRCameraFrameLit': fallback shader 'Alpha-Diffuse' not found
Refreshing native plugins compatible for Editor in 1.11 ms, found 6 plugins.
Preloading 1 native plugins for Editor in 0.08 ms.
Unloading 1686 Unused Serialized files (Serialized files now loaded: 0)
System memory in use before: 112.1 MB.
System memory in use after: 112.2 MB.

Unloading 46 unused Assets to reduce memory usage. Loaded Objects now: 2333.
Total: 4.451300 ms (FindLiveObjects: 0.508300 ms CreateObjectMapping: 0.210300 ms MarkObjects: 3.689300 ms  DeleteObjects: 0.040900 ms)

========================================================================
Received Prepare
Registering precompiled user dll's ...
Registered in 0.029161 seconds.
Begin MonoManager ReloadAssembly
Native extension for WindowsStandalone target not found
Refreshing native plugins compatible for Editor in 1.03 ms, found 6 plugins.
Preloading 1 native plugins for Editor in 0.11 ms.
Invoked RoslynAnalysisRunner static constructor.
RoslynAnalysisRunner will not be running.
RoslynAnalysisRunner has terminated.
Mono: successfully reloaded assembly
- Completed reload, in  1.664 seconds
Platform modules already initialized, skipping
Shader 'Oculus/OVRMRCameraFrameLit': fallback shader 'Alpha-Diffuse' not found
Refreshing native plugins compatible for Editor in 0.98 ms, found 6 plugins.
Preloading 1 native plugins for Editor in 0.05 ms.
Unloading 1686 Unused Serialized files (Serialized files now loaded: 0)
System memory in use before: 111.7 MB.
System memory in use after: 111.8 MB.

Unloading 46 unused Assets to reduce memory usage. Loaded Objects now: 2336.
Total: 3.737600 ms (FindLiveObjects: 0.638300 ms CreateObjectMapping: 0.244700 ms MarkObjects: 2.811600 ms  DeleteObjects: 0.040900 ms)

========================================================================
Received Prepare
Registering precompiled user dll's ...
Registered in 0.005188 seconds.
Begin MonoManager ReloadAssembly
Native extension for WindowsStandalone target not found
Refreshing native plugins compatible for Editor in 0.75 ms, found 6 plugins.
Preloading 1 native plugins for Editor in 0.05 ms.
Invoked RoslynAnalysisRunner static constructor.
RoslynAnalysisRunner will not be running.
RoslynAnalysisRunner has terminated.
Mono: successfully reloaded assembly
- Completed reload, in  1.353 seconds
Platform modules already initialized, skipping
Shader 'Oculus/OVRMRCameraFrameLit': fallback shader 'Alpha-Diffuse' not found
Refreshing native plugins compatible for Editor in 1.04 ms, found 6 plugins.
Preloading 1 native plugins for Editor in 0.05 ms.
Unloading 1686 Unused Serialized files (Serialized files now loaded: 0)
System memory in use before: 112.1 MB.
System memory in use after: 112.2 MB.

Unloading 46 unused Assets to reduce memory usage. Loaded Objects now: 2339.
Total: 2.174900 ms (FindLiveObjects: 0.216700 ms CreateObjectMapping: 0.082600 ms MarkObjects: 1.843200 ms  DeleteObjects: 0.030800 ms)

========================================================================
Received Prepare
Registering precompiled user dll's ...
Registered in 0.026192 seconds.
Begin MonoManager ReloadAssembly
Native extension for WindowsStandalone target not found
Refreshing native plugins compatible for Editor in 0.96 ms, found 6 plugins.
Preloading 1 native plugins for Editor in 0.12 ms.
Invoked RoslynAnalysisRunner static constructor.
RoslynAnalysisRunner will not be running.
RoslynAnalysisRunner has terminated.
Mono: successfully reloaded assembly
- Completed reload, in  1.592 seconds
Platform modules already initialized, skipping
Shader 'Oculus/OVRMRCameraFrameLit': fallback shader 'Alpha-Diffuse' not found
Refreshing native plugins compatible for Editor in 1.48 ms, found 6 plugins.
Preloading 1 native plugins for Editor in 0.06 ms.
Unloading 1686 Unused Serialized files (Serialized files now loaded: 0)
System memory in use before: 111.9 MB.
System memory in use after: 112.1 MB.

Unloading 46 unused Assets to reduce memory usage. Loaded Objects now: 2342.
Total: 4.199600 ms (FindLiveObjects: 0.698200 ms CreateObjectMapping: 0.280900 ms MarkObjects: 3.164200 ms  DeleteObjects: 0.054500 ms)

========================================================================
Received Prepare
Registering precompiled user dll's ...
Registered in 0.006025 seconds.
Begin MonoManager ReloadAssembly
Native extension for WindowsStandalone target not found
Refreshing native plugins compatible for Editor in 0.82 ms, found 6 plugins.
Preloading 1 native plugins for Editor in 0.06 ms.
Invoked RoslynAnalysisRunner static constructor.
RoslynAnalysisRunner will not be running.
RoslynAnalysisRunner has terminated.
Mono: successfully reloaded assembly
- Completed reload, in  1.448 seconds
Platform modules already initialized, skipping
Shader 'Oculus/OVRMRCameraFrameLit': fallback shader 'Alpha-Diffuse' not found
Refreshing native plugins compatible for Editor in 0.84 ms, found 6 plugins.
Preloading 1 native plugins for Editor in 0.04 ms.
Unloading 1686 Unused Serialized files (Serialized files now loaded: 0)
System memory in use before: 112.1 MB.
System memory in use after: 112.2 MB.

Unloading 46 unused Assets to reduce memory usage. Loaded Objects now: 2345.
Total: 2.150500 ms (FindLiveObjects: 0.248100 ms CreateObjectMapping: 0.075200 ms MarkObjects: 1.795600 ms  DeleteObjects: 0.030100 ms)

========================================================================
Received Prepare
Registering precompiled user dll's ...
Registered in 0.003897 seconds.
Begin MonoManager ReloadAssembly
Native extension for WindowsStandalone target not found
Refreshing native plugins compatible for Editor in 1.07 ms, found 6 plugins.
Preloading 1 native plugins for Editor in 0.06 ms.
Invoked RoslynAnalysisRunner static constructor.
RoslynAnalysisRunner will not be running.
RoslynAnalysisRunner has terminated.
Mono: successfully reloaded assembly
- Completed reload, in  1.461 seconds
Platform modules already initialized, skipping
Shader 'Oculus/OVRMRCameraFrameLit': fallback shader 'Alpha-Diffuse' not found
Refreshing native plugins compatible for Editor in 0.82 ms, found 6 plugins.
Preloading 1 native plugins for Editor in 0.04 ms.
Unloading 1686 Unused Serialized files (Serialized files now loaded: 0)
System memory in use before: 112.1 MB.
System memory in use after: 112.2 MB.

Unloading 46 unused Assets to reduce memory usage. Loaded Objects now: 2348.
Total: 2.920700 ms (FindLiveObjects: 0.218600 ms CreateObjectMapping: 0.076300 ms MarkObjects: 2.588100 ms  DeleteObjects: 0.035300 ms)

========================================================================
Received Prepare
Registering precompiled user dll's ...
Registered in 0.004118 seconds.
Begin MonoManager ReloadAssembly
Native extension for WindowsStandalone target not found
Refreshing native plugins compatible for Editor in 1.66 ms, found 6 plugins.
Preloading 1 native plugins for Editor in 0.14 ms.
Invoked RoslynAnalysisRunner static constructor.
RoslynAnalysisRunner will not be running.
RoslynAnalysisRunner has terminated.
Mono: successfully reloaded assembly
- Completed reload, in  1.312 seconds
Platform modules already initialized, skipping
Shader 'Oculus/OVRMRCameraFrameLit': fallback shader 'Alpha-Diffuse' not found
Refreshing native plugins compatible for Editor in 1.13 ms, found 6 plugins.
Preloading 1 native plugins for Editor in 0.07 ms.
Unloading 1686 Unused Serialized files (Serialized files now loaded: 0)
System memory in use before: 111.8 MB.
System memory in use after: 111.9 MB.

Unloading 46 unused Assets to reduce memory usage. Loaded Objects now: 2351.
Total: 3.322100 ms (FindLiveObjects: 0.318600 ms CreateObjectMapping: 0.127500 ms MarkObjects: 2.827500 ms  DeleteObjects: 0.046600 ms)

========================================================================
Received Prepare
Registering precompiled user dll's ...
Registered in 0.005902 seconds.
Begin MonoManager ReloadAssembly
Native extension for WindowsStandalone target not found
Refreshing native plugins compatible for Editor in 0.88 ms, found 6 plugins.
Preloading 1 native plugins for Editor in 0.05 ms.
Invoked RoslynAnalysisRunner static constructor.
RoslynAnalysisRunner will not be running.
RoslynAnalysisRunner has terminated.
Mono: successfully reloaded assembly
- Completed reload, in  1.331 seconds
Platform modules already initialized, skipping
Shader 'Oculus/OVRMRCameraFrameLit': fallback shader 'Alpha-Diffuse' not found
Refreshing native plugins compatible for Editor in 1.49 ms, found 6 plugins.
Preloading 1 native plugins for Editor in 0.06 ms.
Unloading 1686 Unused Serialized files (Serialized files now loaded: 0)
System memory in use before: 112.1 MB.
System memory in use after: 112.2 MB.

Unloading 46 unused Assets to reduce memory usage. Loaded Objects now: 2354.
Total: 3.370000 ms (FindLiveObjects: 0.663200 ms CreateObjectMapping: 0.264400 ms MarkObjects: 2.353900 ms  DeleteObjects: 0.083100 ms)

========================================================================
Received Prepare
Registering precompiled user dll's ...
Registered in 0.012265 seconds.
Begin MonoManager ReloadAssembly
Native extension for WindowsStandalone target not found
Refreshing native plugins compatible for Editor in 1.42 ms, found 6 plugins.
Preloading 1 native plugins for Editor in 0.08 ms.
Invoked RoslynAnalysisRunner static constructor.
RoslynAnalysisRunner will not be running.
RoslynAnalysisRunner has terminated.
Mono: successfully reloaded assembly
- Completed reload, in  1.794 seconds
Platform modules already initialized, skipping
Shader 'Oculus/OVRMRCameraFrameLit': fallback shader 'Alpha-Diffuse' not found
Refreshing native plugins compatible for Editor in 1.19 ms, found 6 plugins.
Preloading 1 native plugins for Editor in 0.04 ms.
Unloading 1686 Unused Serialized files (Serialized files now loaded: 0)
System memory in use before: 112.1 MB.
System memory in use after: 112.2 MB.

Unloading 46 unused Assets to reduce memory usage. Loaded Objects now: 2357.
Total: 2.336500 ms (FindLiveObjects: 0.363100 ms CreateObjectMapping: 0.139500 ms MarkObjects: 1.773600 ms  DeleteObjects: 0.057400 ms)

========================================================================
Received Prepare
Registering precompiled user dll's ...
Registered in 0.003980 seconds.
Begin MonoManager ReloadAssembly
Native extension for WindowsStandalone target not found
Refreshing native plugins compatible for Editor in 0.94 ms, found 6 plugins.
Preloading 1 native plugins for Editor in 0.05 ms.
Invoked RoslynAnalysisRunner static constructor.
RoslynAnalysisRunner will not be running.
RoslynAnalysisRunner has terminated.
Mono: successfully reloaded assembly
- Completed reload, in  1.513 seconds
Platform modules already initialized, skipping
Shader 'Oculus/OVRMRCameraFrameLit': fallback shader 'Alpha-Diffuse' not found
Refreshing native plugins compatible for Editor in 0.87 ms, found 6 plugins.
Preloading 1 native plugins for Editor in 0.04 ms.
Unloading 1686 Unused Serialized files (Serialized files now loaded: 0)
System memory in use before: 112.1 MB.
System memory in use after: 112.2 MB.

Unloading 46 unused Assets to reduce memory usage. Loaded Objects now: 2360.
Total: 2.071100 ms (FindLiveObjects: 0.216100 ms CreateObjectMapping: 0.070000 ms MarkObjects: 1.744200 ms  DeleteObjects: 0.035800 ms)

